<?xml version="1.0" encoding="UTF-8"?>
<testsuite xmlns:xsi="http://www.w3.org/2001/XMLSchema-instance" xsi:noNamespaceSchemaLocation="https://maven.apache.org/surefire/maven-surefire-plugin/xsd/surefire-test-report.xsd" name="com.example.AppTest" time="0.558" tests="8" errors="0" skipped="0" failures="0">
  <properties>
[...]
</properties>
  <testcase name="shouldBeObjectReceiverMainview" classname="com.example.AppTest" time="0.001"/>
  <testcase name="shouldBeObjectSenderHost" classname="com.example.AppTest" time="0"/>
  <testcase name="shouldBeObjectSenderPort" classname="com.example.AppTest" time="0"/>
  <testcase name="shouldCreateMainViewGUI" classname="com.example.AppTest" time="0"/>
  <testcase name="classesShouldMatch" classname="com.example.AppTest" time="0"/>
  <testcase name="shouldBeObjectSenderMainview" classname="com.example.AppTest" time="0"/>
  <testcase name="shouldBeObjectMessageHost" classname="com.example.AppTest" time="0"/>
  <testcase name="shouldCreateLoginGUI" classname="com.example.AppTest" time="0"/>
</testsuite>